2017-08-16 17:12:19,408000 INFO  [default] My first info log using default logger
2017-08-16 17:12:19,451000 INFO  [default] No : 1 二值化 times spend:  8.02101
2017-08-16 17:12:19,465000 INFO  [default] No : 2 查找轮廓 times spend:  14.0968
2017-08-16 17:12:19,473000 INFO  [default] BEFORE TRANSFaaaaaaaaaa
2017-08-16 17:12:19,476000 INFO  [default] BEFORE TRANSF
2017-08-16 17:12:19,477000 INFO  [default] BEFORE TRANSFaaaaaaaaaaB
2017-08-16 17:12:19,482000 INFO  [default] AFTER TRANSF
2017-08-16 17:12:19,484000 INFO  [default] BEFORE LINE-DETECT
2017-08-16 17:12:19,494000 INFO  [default] AFTER LINE-DETECT
2017-08-16 17:12:19,497000 INFO  [default] No : 3 图像转换 times spend:  32.0871
2017-08-16 17:12:19,508000 INFO  [default] No : 4 拟合 times spend:  10.7488
2017-08-16 17:12:19,517000 INFO  [default] Total times spend:  64.9538
2017-08-16 17:12:19,558000 INFO  [default] No : 1 二值化 times spend:  7.89848
2017-08-16 17:12:19,573000 INFO  [default] No : 2 查找轮廓 times spend:  14.5129
2017-08-16 17:12:19,582000 INFO  [default] BEFORE TRANSFaaaaaaaaaa
2017-08-16 17:12:19,584000 INFO  [default] BEFORE TRANSF
2017-08-16 17:12:19,586000 INFO  [default] BEFORE TRANSFaaaaaaaaaaB
2017-08-16 17:12:19,592000 INFO  [default] AFTER TRANSF
2017-08-16 17:12:19,594000 INFO  [default] BEFORE LINE-DETECT
2017-08-16 17:12:19,605000 INFO  [default] AFTER LINE-DETECT
2017-08-16 17:12:19,608000 INFO  [default] No : 3 图像转换 times spend:  35.4232
2017-08-16 17:12:19,618000 INFO  [default] No : 4 拟合 times spend:  9.80646
2017-08-16 17:12:19,626000 INFO  [default] Total times spend:  67.641
2017-08-16 17:12:19,666000 INFO  [default] No : 1 二值化 times spend:  5.54884
2017-08-16 17:12:19,680000 INFO  [default] No : 2 查找轮廓 times spend:  14.5143
2017-08-16 17:12:19,689000 INFO  [default] BEFORE TRANSFaaaaaaaaaa
2017-08-16 17:12:19,692000 INFO  [default] BEFORE TRANSF
2017-08-16 17:12:19,694000 INFO  [default] BEFORE TRANSFaaaaaaaaaaB
2017-08-16 17:12:19,699000 INFO  [default] AFTER TRANSF
2017-08-16 17:12:19,702000 INFO  [default] BEFORE LINE-DETECT
2017-08-16 17:12:19,711000 INFO  [default] AFTER LINE-DETECT
2017-08-16 17:12:19,715000 INFO  [default] No : 3 图像转换 times spend:  34.5897
2017-08-16 17:12:19,725000 INFO  [default] No : 4 拟合 times spend:  9.91329
2017-08-16 17:12:19,732000 INFO  [default] Total times spend:  64.5661
2017-08-16 17:12:19,770000 INFO  [default] No : 1 二值化 times spend:  5.72393
2017-08-16 17:12:19,784000 INFO  [default] No : 2 查找轮廓 times spend:  14.3184
2017-08-16 17:12:19,793000 INFO  [default] BEFORE TRANSFaaaaaaaaaa
2017-08-16 17:12:19,795000 INFO  [default] BEFORE TRANSF
2017-08-16 17:12:19,797000 INFO  [default] BEFORE TRANSFaaaaaaaaaaB
2017-08-16 17:12:19,802000 INFO  [default] AFTER TRANSF
2017-08-16 17:12:19,804000 INFO  [default] BEFORE LINE-DETECT
2017-08-16 17:12:19,813000 INFO  [default] AFTER LINE-DETECT
2017-08-16 17:12:19,817000 INFO  [default] No : 3 图像转换 times spend:  32.4564
2017-08-16 17:12:19,827000 INFO  [default] No : 4 拟合 times spend:  10.1881
2017-08-16 17:12:19,834000 INFO  [default] Total times spend:  62.6868
2017-08-16 17:12:19,871000 INFO  [default] No : 1 二值化 times spend:  5.23209
2017-08-16 17:12:19,885000 INFO  [default] No : 2 查找轮廓 times spend:  14.232
2017-08-16 17:12:19,893000 INFO  [default] BEFORE TRANSFaaaaaaaaaa
2017-08-16 17:12:19,895000 INFO  [default] BEFORE TRANSF
2017-08-16 17:12:19,897000 INFO  [default] BEFORE TRANSFaaaaaaaaaaB
2017-08-16 17:12:19,902000 INFO  [default] AFTER TRANSF
2017-08-16 17:12:19,905000 INFO  [default] BEFORE LINE-DETECT
2017-08-16 17:12:19,913000 INFO  [default] AFTER LINE-DETECT
2017-08-16 17:12:19,917000 INFO  [default] No : 3 图像转换 times spend:  31.7605
2017-08-16 17:12:19,927000 INFO  [default] No : 4 拟合 times spend:  9.88633
2017-08-16 17:12:19,934000 INFO  [default] Total times spend:  61.1109
2017-08-16 17:12:19,972000 INFO  [default] No : 1 二值化 times spend:  6.34923
2017-08-16 17:12:19,986000 INFO  [default] No : 2 查找轮廓 times spend:  13.3978
2017-08-16 17:12:19,995000 INFO  [default] BEFORE TRANSFaaaaaaaaaa
2017-08-16 17:12:19,997000 INFO  [default] BEFORE TRANSF
2017-08-16 17:12:19,999000 INFO  [default] BEFORE TRANSFaaaaaaaaaaB
2017-08-16 17:12:20,004000 INFO  [default] AFTER TRANSF
2017-08-16 17:12:20,008000 INFO  [default] BEFORE LINE-DETECT
2017-08-16 17:12:20,016000 INFO  [default] AFTER LINE-DETECT
2017-08-16 17:12:20,019000 INFO  [default] No : 3 图像转换 times spend:  33.5586
2017-08-16 17:12:20,030000 INFO  [default] No : 4 拟合 times spend:  10.5755
2017-08-16 17:12:20,039000 INFO  [default] Total times spend:  63.8811
2017-08-16 17:12:20,079000 INFO  [default] No : 1 二值化 times spend:  5.40446
2017-08-16 17:12:20,095000 INFO  [default] No : 2 查找轮廓 times spend:  15.0713
2017-08-16 17:12:20,104000 INFO  [default] BEFORE TRANSFaaaaaaaaaa
2017-08-16 17:12:20,106000 INFO  [default] BEFORE TRANSF
2017-08-16 17:12:20,108000 INFO  [default] BEFORE TRANSFaaaaaaaaaaB
2017-08-16 17:12:20,113000 INFO  [default] AFTER TRANSF
2017-08-16 17:12:20,116000 INFO  [default] BEFORE LINE-DETECT
2017-08-16 17:12:20,126000 INFO  [default] AFTER LINE-DETECT
2017-08-16 17:12:20,130000 INFO  [default] No : 3 图像转换 times spend:  35.5355
2017-08-16 17:12:20,140000 INFO  [default] No : 4 拟合 times spend:  9.66549
2017-08-16 17:12:20,147000 INFO  [default] Total times spend:  65.6767
2017-08-16 17:12:20,184000 INFO  [default] No : 1 二值化 times spend:  5.4461
2017-08-16 17:12:20,198000 INFO  [default] No : 2 查找轮廓 times spend:  13.318
2017-08-16 17:12:20,206000 INFO  [default] BEFORE TRANSFaaaaaaaaaa
2017-08-16 17:12:20,208000 INFO  [default] BEFORE TRANSF
2017-08-16 17:12:20,210000 INFO  [default] BEFORE TRANSFaaaaaaaaaaB
2017-08-16 17:12:20,215000 INFO  [default] AFTER TRANSF
2017-08-16 17:12:20,218000 INFO  [default] BEFORE LINE-DETECT
2017-08-16 17:12:20,227000 INFO  [default] AFTER LINE-DETECT
2017-08-16 17:12:20,230000 INFO  [default] No : 3 图像转换 times spend:  32.722
2017-08-16 17:12:20,239000 INFO  [default] No : 4 拟合 times spend:  9.11392
2017-08-16 17:12:20,247000 INFO  [default] Total times spend:  60.6
2017-08-16 17:12:20,287000 INFO  [default] No : 1 二值化 times spend:  5.79424
2017-08-16 17:12:20,303000 INFO  [default] No : 2 查找轮廓 times spend:  15.9581
2017-08-16 17:12:20,312000 INFO  [default] BEFORE TRANSFaaaaaaaaaa
2017-08-16 17:12:20,314000 INFO  [default] BEFORE TRANSF
2017-08-16 17:12:20,316000 INFO  [default] BEFORE TRANSFaaaaaaaaaaB
2017-08-16 17:12:20,321000 INFO  [default] AFTER TRANSF
2017-08-16 17:12:20,324000 INFO  [default] BEFORE LINE-DETECT
2017-08-16 17:12:20,333000 INFO  [default] AFTER LINE-DETECT
2017-08-16 17:12:20,337000 INFO  [default] No : 3 图像转换 times spend:  33.166
2017-08-16 17:12:20,346000 INFO  [default] No : 4 拟合 times spend:  9.78871
2017-08-16 17:12:20,354000 INFO  [default] Total times spend:  64.7071
2017-08-16 17:12:20,392000 INFO  [default] No : 1 二值化 times spend:  5.86148
2017-08-16 17:12:20,407000 INFO  [default] No : 2 查找轮廓 times spend:  14.4764
2017-08-16 17:12:20,416000 INFO  [default] BEFORE TRANSFaaaaaaaaaa
2017-08-16 17:12:20,418000 INFO  [default] BEFORE TRANSF
2017-08-16 17:12:20,420000 INFO  [default] BEFORE TRANSFaaaaaaaaaaB
2017-08-16 17:12:20,425000 INFO  [default] AFTER TRANSF
2017-08-16 17:12:20,428000 INFO  [default] BEFORE LINE-DETECT
2017-08-16 17:12:20,436000 INFO  [default] AFTER LINE-DETECT
2017-08-16 17:12:20,442000 INFO  [default] No : 3 图像转换 times spend:  34.9112
2017-08-16 17:12:20,451000 INFO  [default] No : 4 拟合 times spend:  9.51907
2017-08-16 17:12:20,460000 INFO  [default] Total times spend:  64.7682
2017-08-16 17:12:20,497000 INFO  [default] No : 1 二值化 times spend:  5.55634
2017-08-16 17:12:20,511000 INFO  [default] No : 2 查找轮廓 times spend:  14.1672
2017-08-16 17:12:20,521000 INFO  [default] BEFORE TRANSFaaaaaaaaaa
2017-08-16 17:12:20,524000 INFO  [default] BEFORE TRANSF
2017-08-16 17:12:20,526000 INFO  [default] BEFORE TRANSFaaaaaaaaaaB
2017-08-16 17:12:20,531000 INFO  [default] AFTER TRANSF
2017-08-16 17:12:20,534000 INFO  [default] BEFORE LINE-DETECT
2017-08-16 17:12:20,543000 INFO  [default] AFTER LINE-DETECT
2017-08-16 17:12:20,546000 INFO  [default] No : 3 图像转换 times spend:  35.2996
2017-08-16 17:12:20,557000 INFO  [default] No : 4 拟合 times spend:  10.5113
2017-08-16 17:12:20,565000 INFO  [default] Total times spend:  65.5344
2017-08-16 17:12:20,603000 INFO  [default] No : 1 二值化 times spend:  5.30616
2017-08-16 17:12:20,617000 INFO  [default] No : 2 查找轮廓 times spend:  14.0573
2017-08-16 17:12:20,625000 INFO  [default] BEFORE TRANSFaaaaaaaaaa
2017-08-16 17:12:20,627000 INFO  [default] BEFORE TRANSF
2017-08-16 17:12:20,629000 INFO  [default] BEFORE TRANSFaaaaaaaaaaB
2017-08-16 17:12:20,635000 INFO  [default] AFTER TRANSF
2017-08-16 17:12:20,638000 INFO  [default] BEFORE LINE-DETECT
2017-08-16 17:12:20,647000 INFO  [default] AFTER LINE-DETECT
2017-08-16 17:12:20,651000 INFO  [default] No : 3 图像转换 times spend:  33.8419
2017-08-16 17:12:20,661000 INFO  [default] No : 4 拟合 times spend:  10.1522
2017-08-16 17:12:20,668000 INFO  [default] Total times spend:  63.3575
2017-08-16 17:12:20,707000 INFO  [default] No : 1 二值化 times spend:  6.58508
2017-08-16 17:12:20,721000 INFO  [default] No : 2 查找轮廓 times spend:  14.1562
2017-08-16 17:12:20,730000 INFO  [default] BEFORE TRANSFaaaaaaaaaa
2017-08-16 17:12:20,732000 INFO  [default] BEFORE TRANSF
2017-08-16 17:12:20,734000 INFO  [default] BEFORE TRANSFaaaaaaaaaaB
2017-08-16 17:12:20,740000 INFO  [default] AFTER TRANSF
2017-08-16 17:12:20,743000 INFO  [default] BEFORE LINE-DETECT
2017-08-16 17:12:20,751000 INFO  [default] AFTER LINE-DETECT
2017-08-16 17:12:20,755000 INFO  [default] No : 3 图像转换 times spend:  33.9057
2017-08-16 17:12:20,766000 INFO  [default] No : 4 拟合 times spend:  10.6935
2017-08-16 17:12:20,773000 INFO  [default] Total times spend:  65.3405
2017-08-16 17:12:20,810000 INFO  [default] No : 1 二值化 times spend:  5.45566
2017-08-16 17:12:20,824000 INFO  [default] No : 2 查找轮廓 times spend:  14.0231
2017-08-16 17:12:20,833000 INFO  [default] BEFORE TRANSFaaaaaaaaaa
2017-08-16 17:12:20,836000 INFO  [default] BEFORE TRANSF
2017-08-16 17:12:20,838000 INFO  [default] BEFORE TRANSFaaaaaaaaaaB
2017-08-16 17:12:20,843000 INFO  [default] AFTER TRANSF
2017-08-16 17:12:20,847000 INFO  [default] BEFORE LINE-DETECT
2017-08-16 17:12:20,855000 INFO  [default] AFTER LINE-DETECT
2017-08-16 17:12:20,859000 INFO  [default] No : 3 图像转换 times spend:  34.8846
2017-08-16 17:12:20,869000 INFO  [default] No : 4 拟合 times spend:  9.58699
2017-08-16 17:12:20,877000 INFO  [default] Total times spend:  63.9504
2017-08-16 17:12:20,915000 INFO  [default] No : 1 二值化 times spend:  5.42528
2017-08-16 17:12:20,929000 INFO  [default] No : 2 查找轮廓 times spend:  14.3307
2017-08-16 17:12:20,937000 INFO  [default] BEFORE TRANSFaaaaaaaaaa
2017-08-16 17:12:20,940000 INFO  [default] BEFORE TRANSF
2017-08-16 17:12:20,942000 INFO  [default] BEFORE TRANSFaaaaaaaaaaB
2017-08-16 17:12:20,948000 INFO  [default] AFTER TRANSF
2017-08-16 17:12:20,951000 INFO  [default] BEFORE LINE-DETECT
2017-08-16 17:12:20,960000 INFO  [default] AFTER LINE-DETECT
2017-08-16 17:12:20,964000 INFO  [default] No : 3 图像转换 times spend:  35.4027
2017-08-16 17:12:20,974000 INFO  [default] No : 4 拟合 times spend:  9.58801
2017-08-16 17:12:20,981000 INFO  [default] Total times spend:  64.7467
2017-08-16 17:12:21,018000 INFO  [default] No : 1 二值化 times spend:  5.62495
2017-08-16 17:12:21,033000 INFO  [default] No : 2 查找轮廓 times spend:  14.2692
2017-08-16 17:12:21,041000 INFO  [default] BEFORE TRANSFaaaaaaaaaa
2017-08-16 17:12:21,044000 INFO  [default] BEFORE TRANSF
2017-08-16 17:12:21,046000 INFO  [default] BEFORE TRANSFaaaaaaaaaaB
2017-08-16 17:12:21,051000 INFO  [default] AFTER TRANSF
2017-08-16 17:12:21,054000 INFO  [default] BEFORE LINE-DETECT
2017-08-16 17:12:21,063000 INFO  [default] AFTER LINE-DETECT
2017-08-16 17:12:21,067000 INFO  [default] No : 3 图像转换 times spend:  34.0565
2017-08-16 17:12:21,076000 INFO  [default] No : 4 拟合 times spend:  9.55047
2017-08-16 17:12:21,084000 INFO  [default] Total times spend:  63.5012
2017-08-16 17:12:21,121000 INFO  [default] No : 1 二值化 times spend:  5.62154
2017-08-16 17:12:21,136000 INFO  [default] No : 2 查找轮廓 times spend:  14.5617
2017-08-16 17:12:21,145000 INFO  [default] BEFORE TRANSFaaaaaaaaaa
2017-08-16 17:12:21,148000 INFO  [default] BEFORE TRANSF
2017-08-16 17:12:21,149000 INFO  [default] BEFORE TRANSFaaaaaaaaaaB
2017-08-16 17:12:21,155000 INFO  [default] AFTER TRANSF
2017-08-16 17:12:21,159000 INFO  [default] BEFORE LINE-DETECT
2017-08-16 17:12:21,167000 INFO  [default] AFTER LINE-DETECT
2017-08-16 17:12:21,172000 INFO  [default] No : 3 图像转换 times spend:  35.9075
2017-08-16 17:12:21,182000 INFO  [default] No : 4 拟合 times spend:  9.75526
2017-08-16 17:12:21,189000 INFO  [default] Total times spend:  65.846
2017-08-16 17:12:21,226000 INFO  [default] No : 1 二值化 times spend:  5.40241
2017-08-16 17:12:21,240000 INFO  [default] No : 2 查找轮廓 times spend:  13.6296
2017-08-16 17:12:21,248000 INFO  [default] BEFORE TRANSFaaaaaaaaaa
2017-08-16 17:12:21,251000 INFO  [default] BEFORE TRANSF
2017-08-16 17:12:21,252000 INFO  [default] BEFORE TRANSFaaaaaaaaaaB
2017-08-16 17:12:21,258000 INFO  [default] AFTER TRANSF
2017-08-16 17:12:21,261000 INFO  [default] BEFORE LINE-DETECT
2017-08-16 17:12:21,269000 INFO  [default] AFTER LINE-DETECT
2017-08-16 17:12:21,273000 INFO  [default] No : 3 图像转换 times spend:  33.5964
2017-08-16 17:12:21,283000 INFO  [default] No : 4 拟合 times spend:  9.6631
2017-08-16 17:12:21,290000 INFO  [default] Total times spend:  62.2915
2017-08-16 17:12:21,327000 INFO  [default] No : 1 二值化 times spend:  5.27339
2017-08-16 17:12:21,342000 INFO  [default] No : 2 查找轮廓 times spend:  15.0266
2017-08-16 17:12:21,351000 INFO  [default] BEFORE TRANSFaaaaaaaaaa
2017-08-16 17:12:21,354000 INFO  [default] BEFORE TRANSF
2017-08-16 17:12:21,356000 INFO  [default] BEFORE TRANSFaaaaaaaaaaB
2017-08-16 17:12:21,361000 INFO  [default] AFTER TRANSF
2017-08-16 17:12:21,363000 INFO  [default] BEFORE LINE-DETECT
2017-08-16 17:12:21,371000 INFO  [default] AFTER LINE-DETECT
2017-08-16 17:12:21,376000 INFO  [default] No : 3 图像转换 times spend:  33.6528
2017-08-16 17:12:21,385000 INFO  [default] No : 4 拟合 times spend:  9.43613
2017-08-16 17:12:21,393000 INFO  [default] Total times spend:  63.3889
2017-08-16 17:12:21,430000 INFO  [default] No : 1 二值化 times spend:  5.17748
2017-08-16 17:12:21,443000 INFO  [default] No : 2 查找轮廓 times spend:  13.6893
2017-08-16 17:12:21,451000 INFO  [default] BEFORE TRANSFaaaaaaaaaa
2017-08-16 17:12:21,454000 INFO  [default] BEFORE TRANSF
2017-08-16 17:12:21,455000 INFO  [default] BEFORE TRANSFaaaaaaaaaaB
2017-08-16 17:12:21,460000 INFO  [default] AFTER TRANSF
2017-08-16 17:12:21,463000 INFO  [default] BEFORE LINE-DETECT
2017-08-16 17:12:21,471000 INFO  [default] AFTER LINE-DETECT
2017-08-16 17:12:21,474000 INFO  [default] No : 3 图像转换 times spend:  30.3119
2017-08-16 17:12:21,483000 INFO  [default] No : 4 拟合 times spend:  9.19379
2017-08-16 17:12:21,491000 INFO  [default] Total times spend:  58.3725
2017-08-16 17:12:21,528000 INFO  [default] No : 1 二值化 times spend:  5.42255
2017-08-16 17:12:21,542000 INFO  [default] No : 2 查找轮廓 times spend:  14.5754
2017-08-16 17:12:21,551000 INFO  [default] BEFORE TRANSFaaaaaaaaaa
2017-08-16 17:12:21,553000 INFO  [default] BEFORE TRANSF
2017-08-16 17:12:21,555000 INFO  [default] BEFORE TRANSFaaaaaaaaaaB
2017-08-16 17:12:21,560000 INFO  [default] AFTER TRANSF
2017-08-16 17:12:21,563000 INFO  [default] BEFORE LINE-DETECT
2017-08-16 17:12:21,571000 INFO  [default] AFTER LINE-DETECT
2017-08-16 17:12:21,576000 INFO  [default] No : 3 图像转换 times spend:  33.5418
2017-08-16 17:12:21,585000 INFO  [default] No : 4 拟合 times spend:  9.44602
2017-08-16 17:12:21,593000 INFO  [default] Total times spend:  62.9858
2017-08-16 17:12:21,630000 INFO  [default] No : 1 二值化 times spend:  5.34404
2017-08-16 17:12:21,645000 INFO  [default] No : 2 查找轮廓 times spend:  14.8785
2017-08-16 17:12:21,654000 INFO  [default] BEFORE TRANSFaaaaaaaaaa
2017-08-16 17:12:21,657000 INFO  [default] BEFORE TRANSF
2017-08-16 17:12:21,659000 INFO  [default] BEFORE TRANSFaaaaaaaaaaB
2017-08-16 17:12:21,663000 INFO  [default] AFTER TRANSF
2017-08-16 17:12:21,665000 INFO  [default] BEFORE LINE-DETECT
2017-08-16 17:12:21,675000 INFO  [default] AFTER LINE-DETECT
2017-08-16 17:12:21,678000 INFO  [default] No : 3 图像转换 times spend:  33.1903
2017-08-16 17:12:21,688000 INFO  [default] No : 4 拟合 times spend:  9.71806
2017-08-16 17:12:21,696000 INFO  [default] Total times spend:  63.1308
2017-08-16 17:12:21,733000 INFO  [default] No : 1 二值化 times spend:  5.19796
2017-08-16 17:12:21,747000 INFO  [default] No : 2 查找轮廓 times spend:  14.4416
2017-08-16 17:12:21,755000 INFO  [default] BEFORE TRANSFaaaaaaaaaa
2017-08-16 17:12:21,758000 INFO  [default] BEFORE TRANSF
2017-08-16 17:12:21,760000 INFO  [default] BEFORE TRANSFaaaaaaaaaaB
2017-08-16 17:12:21,764000 INFO  [default] AFTER TRANSF
2017-08-16 17:12:21,767000 INFO  [default] BEFORE LINE-DETECT
2017-08-16 17:12:21,775000 INFO  [default] AFTER LINE-DETECT
2017-08-16 17:12:21,780000 INFO  [default] No : 3 图像转换 times spend:  32.4636
2017-08-16 17:12:21,789000 INFO  [default] No : 4 拟合 times spend:  9.39619
2017-08-16 17:12:21,796000 INFO  [default] Total times spend:  61.4993
2017-08-16 17:12:21,834000 INFO  [default] No : 1 二值化 times spend:  6.09802
2017-08-16 17:12:21,848000 INFO  [default] No : 2 查找轮廓 times spend:  14.8181
2017-08-16 17:12:21,857000 INFO  [default] BEFORE TRANSFaaaaaaaaaa
2017-08-16 17:12:21,859000 INFO  [default] BEFORE TRANSF
2017-08-16 17:12:21,861000 INFO  [default] BEFORE TRANSFaaaaaaaaaaB
2017-08-16 17:12:21,865000 INFO  [default] AFTER TRANSF
2017-08-16 17:12:21,868000 INFO  [default] BEFORE LINE-DETECT
2017-08-16 17:12:21,879000 INFO  [default] AFTER LINE-DETECT
2017-08-16 17:12:21,883000 INFO  [default] No : 3 图像转换 times spend:  34.6812
2017-08-16 17:12:21,892000 INFO  [default] No : 4 拟合 times spend:  9.19481
2017-08-16 17:12:21,899000 INFO  [default] Total times spend:  64.792
2017-08-16 17:12:21,937000 INFO  [default] No : 1 二值化 times spend:  6.15502
2017-08-16 17:12:21,952000 INFO  [default] No : 2 查找轮廓 times spend:  14.6317
2017-08-16 17:12:21,960000 INFO  [default] BEFORE TRANSFaaaaaaaaaa
2017-08-16 17:12:21,963000 INFO  [default] BEFORE TRANSF
2017-08-16 17:12:21,964000 INFO  [default] BEFORE TRANSFaaaaaaaaaaB
2017-08-16 17:12:21,969000 INFO  [default] AFTER TRANSF
2017-08-16 17:12:21,971000 INFO  [default] BEFORE LINE-DETECT
2017-08-16 17:12:21,980000 INFO  [default] AFTER LINE-DETECT
2017-08-16 17:12:21,984000 INFO  [default] No : 3 图像转换 times spend:  32.4899
2017-08-16 17:12:21,993000 INFO  [default] No : 4 拟合 times spend:  9.16205
2017-08-16 17:12:22,001000 INFO  [default] Total times spend:  62.4386
2017-08-16 17:12:22,037000 INFO  [default] No : 1 二值化 times spend:  5.58877
2017-08-16 17:12:22,052000 INFO  [default] No : 2 查找轮廓 times spend:  14.3965
2017-08-16 17:12:22,060000 INFO  [default] BEFORE TRANSFaaaaaaaaaa
2017-08-16 17:12:22,062000 INFO  [default] BEFORE TRANSF
2017-08-16 17:12:22,064000 INFO  [default] BEFORE TRANSFaaaaaaaaaaB
2017-08-16 17:12:22,069000 INFO  [default] AFTER TRANSF
2017-08-16 17:12:22,071000 INFO  [default] BEFORE LINE-DETECT
2017-08-16 17:12:22,081000 INFO  [default] AFTER LINE-DETECT
2017-08-16 17:12:22,084000 INFO  [default] No : 3 图像转换 times spend:  32.5807
2017-08-16 17:12:22,094000 INFO  [default] No : 4 拟合 times spend:  10.0894
2017-08-16 17:12:22,102000 INFO  [default] Total times spend:  62.6554
2017-08-16 17:12:22,138000 INFO  [default] No : 1 二值化 times spend:  5.53962
2017-08-16 17:12:22,153000 INFO  [default] No : 2 查找轮廓 times spend:  14.3945
2017-08-16 17:12:22,161000 INFO  [default] BEFORE TRANSFaaaaaaaaaa
2017-08-16 17:12:22,164000 INFO  [default] BEFORE TRANSF
2017-08-16 17:12:22,166000 INFO  [default] BEFORE TRANSFaaaaaaaaaaB
2017-08-16 17:12:22,170000 INFO  [default] AFTER TRANSF
2017-08-16 17:12:22,174000 INFO  [default] BEFORE LINE-DETECT
2017-08-16 17:12:22,182000 INFO  [default] AFTER LINE-DETECT
2017-08-16 17:12:22,185000 INFO  [default] No : 3 图像转换 times spend:  32.5916
2017-08-16 17:12:22,196000 INFO  [default] No : 4 拟合 times spend:  10.3454
2017-08-16 17:12:22,203000 INFO  [default] Total times spend:  62.8711
2017-08-16 17:12:22,240000 INFO  [default] No : 1 二值化 times spend:  5.36555
2017-08-16 17:12:22,254000 INFO  [default] No : 2 查找轮廓 times spend:  14.062
2017-08-16 17:12:22,262000 INFO  [default] BEFORE TRANSFaaaaaaaaaa
2017-08-16 17:12:22,265000 INFO  [default] BEFORE TRANSF
2017-08-16 17:12:22,266000 INFO  [default] BEFORE TRANSFaaaaaaaaaaB
2017-08-16 17:12:22,271000 INFO  [default] AFTER TRANSF
2017-08-16 17:12:22,273000 INFO  [default] BEFORE LINE-DETECT
2017-08-16 17:12:22,282000 INFO  [default] AFTER LINE-DETECT
2017-08-16 17:12:22,285000 INFO  [default] No : 3 图像转换 times spend:  30.6659
2017-08-16 17:12:22,294000 INFO  [default] No : 4 拟合 times spend:  9.36001
2017-08-16 17:12:22,302000 INFO  [default] Total times spend:  59.4535
2017-08-16 17:12:22,339000 INFO  [default] No : 1 二值化 times spend:  5.15632
2017-08-16 17:12:22,356000 INFO  [default] No : 2 查找轮廓 times spend:  16.8533
2017-08-16 17:12:22,364000 INFO  [default] BEFORE TRANSFaaaaaaaaaa
2017-08-16 17:12:22,367000 INFO  [default] BEFORE TRANSF
2017-08-16 17:12:22,369000 INFO  [default] BEFORE TRANSFaaaaaaaaaaB
2017-08-16 17:12:22,374000 INFO  [default] AFTER TRANSF
2017-08-16 17:12:22,377000 INFO  [default] BEFORE LINE-DETECT
2017-08-16 17:12:22,385000 INFO  [default] AFTER LINE-DETECT
2017-08-16 17:12:22,389000 INFO  [default] No : 3 图像转换 times spend:  33.4459
2017-08-16 17:12:22,399000 INFO  [default] No : 4 拟合 times spend:  9.14566
2017-08-16 17:12:22,406000 INFO  [default] Total times spend:  64.6012
2017-08-16 17:12:22,443000 INFO  [default] No : 1 二值化 times spend:  5.91405
2017-08-16 17:12:22,458000 INFO  [default] No : 2 查找轮廓 times spend:  14.6191
2017-08-16 17:12:22,467000 INFO  [default] BEFORE TRANSFaaaaaaaaaa
2017-08-16 17:12:22,469000 INFO  [default] BEFORE TRANSF
2017-08-16 17:12:22,471000 INFO  [default] BEFORE TRANSFaaaaaaaaaaB
2017-08-16 17:12:22,476000 INFO  [default] AFTER TRANSF
2017-08-16 17:12:22,478000 INFO  [default] BEFORE LINE-DETECT
2017-08-16 17:12:22,486000 INFO  [default] AFTER LINE-DETECT
2017-08-16 17:12:22,489000 INFO  [default] No : 3 图像转换 times spend:  31.1738
2017-08-16 17:12:22,498000 INFO  [default] No : 4 拟合 times spend:  9.12723
2017-08-16 17:12:22,506000 INFO  [default] Total times spend:  60.8341
2017-08-16 17:12:22,544000 INFO  [default] No : 1 二值化 times spend:  5.55976
2017-08-16 17:12:22,558000 INFO  [default] No : 2 查找轮廓 times spend:  14.4819
2017-08-16 17:12:22,567000 INFO  [default] BEFORE TRANSFaaaaaaaaaa
2017-08-16 17:12:22,569000 INFO  [default] BEFORE TRANSF
2017-08-16 17:12:22,571000 INFO  [default] BEFORE TRANSFaaaaaaaaaaB
2017-08-16 17:12:22,576000 INFO  [default] AFTER TRANSF
2017-08-16 17:12:22,580000 INFO  [default] BEFORE LINE-DETECT
2017-08-16 17:12:22,587000 INFO  [default] AFTER LINE-DETECT
2017-08-16 17:12:22,591000 INFO  [default] No : 3 图像转换 times spend:  33.1718
2017-08-16 17:12:22,601000 INFO  [default] No : 4 拟合 times spend:  9.69655
2017-08-16 17:12:22,609000 INFO  [default] Total times spend:  62.91
2017-08-16 17:12:22,646000 INFO  [default] No : 1 二值化 times spend:  5.52665
2017-08-16 17:12:22,661000 INFO  [default] No : 2 查找轮廓 times spend:  14.6969
2017-08-16 17:12:22,669000 INFO  [default] BEFORE TRANSFaaaaaaaaaa
2017-08-16 17:12:22,671000 INFO  [default] BEFORE TRANSF
2017-08-16 17:12:22,673000 INFO  [default] BEFORE TRANSFaaaaaaaaaaB
2017-08-16 17:12:22,678000 INFO  [default] AFTER TRANSF
2017-08-16 17:12:22,681000 INFO  [default] BEFORE LINE-DETECT
2017-08-16 17:12:22,689000 INFO  [default] AFTER LINE-DETECT
2017-08-16 17:12:22,693000 INFO  [default] No : 3 图像转换 times spend:  31.9533
2017-08-16 17:12:22,702000 INFO  [default] No : 4 拟合 times spend:  9.10982
2017-08-16 17:12:22,710000 INFO  [default] Total times spend:  61.2867
2017-08-16 17:12:22,746000 INFO  [default] No : 1 二值化 times spend:  5.39729
2017-08-16 17:12:22,761000 INFO  [default] No : 2 查找轮廓 times spend:  14.8222
2017-08-16 17:12:22,772000 INFO  [default] BEFORE TRANSFaaaaaaaaaa
2017-08-16 17:12:22,775000 INFO  [default] BEFORE TRANSF
2017-08-16 17:12:22,778000 INFO  [default] BEFORE TRANSFaaaaaaaaaaB
2017-08-16 17:12:22,785000 INFO  [default] AFTER TRANSF
2017-08-16 17:12:22,788000 INFO  [default] BEFORE LINE-DETECT
2017-08-16 17:12:22,797000 INFO  [default] AFTER LINE-DETECT
2017-08-16 17:12:22,801000 INFO  [default] No : 3 图像转换 times spend:  39.8651
2017-08-16 17:12:22,811000 INFO  [default] No : 4 拟合 times spend:  10.0775
2017-08-16 17:12:22,819000 INFO  [default] Total times spend:  70.162
2017-08-16 17:12:22,855000 INFO  [default] No : 1 二值化 times spend:  5.22731
2017-08-16 17:12:22,871000 INFO  [default] No : 2 查找轮廓 times spend:  15.2495
2017-08-16 17:12:22,879000 INFO  [default] BEFORE TRANSFaaaaaaaaaa
2017-08-16 17:12:22,881000 INFO  [default] BEFORE TRANSF
2017-08-16 17:12:22,883000 INFO  [default] BEFORE TRANSFaaaaaaaaaaB
2017-08-16 17:12:22,889000 INFO  [default] AFTER TRANSF
2017-08-16 17:12:22,892000 INFO  [default] BEFORE LINE-DETECT
2017-08-16 17:12:22,900000 INFO  [default] AFTER LINE-DETECT
2017-08-16 17:12:22,904000 INFO  [default] No : 3 图像转换 times spend:  33.593
2017-08-16 17:12:22,913000 INFO  [default] No : 4 拟合 times spend:  9.10027
2017-08-16 17:12:22,921000 INFO  [default] Total times spend:  63.1701
2017-08-16 17:12:22,958000 INFO  [default] No : 1 二值化 times spend:  5.7468
2017-08-16 17:12:22,972000 INFO  [default] No : 2 查找轮廓 times spend:  13.7678
2017-08-16 17:12:22,980000 INFO  [default] BEFORE TRANSFaaaaaaaaaa
2017-08-16 17:12:22,983000 INFO  [default] BEFORE TRANSF
2017-08-16 17:12:22,984000 INFO  [default] BEFORE TRANSFaaaaaaaaaaB
2017-08-16 17:12:22,990000 INFO  [default] AFTER TRANSF
2017-08-16 17:12:22,994000 INFO  [default] BEFORE LINE-DETECT
2017-08-16 17:12:23,002000 INFO  [default] AFTER LINE-DETECT
2017-08-16 17:12:23,005000 INFO  [default] No : 3 图像转换 times spend:  32.8165
2017-08-16 17:12:23,014000 INFO  [default] No : 4 拟合 times spend:  9.49825
2017-08-16 17:12:23,022000 INFO  [default] Total times spend:  61.8294
2017-08-16 17:12:23,061000 INFO  [default] No : 1 二值化 times spend:  6.09222
2017-08-16 17:12:23,075000 INFO  [default] No : 2 查找轮廓 times spend:  13.9692
2017-08-16 17:12:23,083000 INFO  [default] BEFORE TRANSFaaaaaaaaaa
2017-08-16 17:12:23,085000 INFO  [default] BEFORE TRANSF
2017-08-16 17:12:23,087000 INFO  [default] BEFORE TRANSFaaaaaaaaaaB
2017-08-16 17:12:23,093000 INFO  [default] AFTER TRANSF
2017-08-16 17:12:23,096000 INFO  [default] BEFORE LINE-DETECT
2017-08-16 17:12:23,104000 INFO  [default] AFTER LINE-DETECT
2017-08-16 17:12:23,108000 INFO  [default] No : 3 图像转换 times spend:  33.8381
2017-08-16 17:12:23,118000 INFO  [default] No : 4 拟合 times spend:  9.38493
2017-08-16 17:12:23,125000 INFO  [default] Total times spend:  63.2844
2017-08-16 17:12:23,162000 INFO  [default] No : 1 二值化 times spend:  5.11434
2017-08-16 17:12:23,176000 INFO  [default] No : 2 查找轮廓 times spend:  14.1586
2017-08-16 17:12:23,184000 INFO  [default] BEFORE TRANSFaaaaaaaaaa
2017-08-16 17:12:23,186000 INFO  [default] BEFORE TRANSF
2017-08-16 17:12:23,188000 INFO  [default] BEFORE TRANSFaaaaaaaaaaB
2017-08-16 17:12:23,193000 INFO  [default] AFTER TRANSF
2017-08-16 17:12:23,196000 INFO  [default] BEFORE LINE-DETECT
2017-08-16 17:12:23,205000 INFO  [default] AFTER LINE-DETECT
2017-08-16 17:12:23,208000 INFO  [default] No : 3 图像转换 times spend:  32.3854
2017-08-16 17:12:23,218000 INFO  [default] No : 4 拟合 times spend:  9.47947
2017-08-16 17:12:23,225000 INFO  [default] Total times spend:  61.1379
2017-08-16 17:12:23,263000 INFO  [default] No : 1 二值化 times spend:  5.46419
2017-08-16 17:12:23,277000 INFO  [default] No : 2 查找轮廓 times spend:  14.3535
2017-08-16 17:12:23,285000 INFO  [default] BEFORE TRANSFaaaaaaaaaa
2017-08-16 17:12:23,287000 INFO  [default] BEFORE TRANSF
2017-08-16 17:12:23,289000 INFO  [default] BEFORE TRANSFaaaaaaaaaaB
2017-08-16 17:12:23,295000 INFO  [default] AFTER TRANSF
2017-08-16 17:12:23,298000 INFO  [default] BEFORE LINE-DETECT
2017-08-16 17:12:23,306000 INFO  [default] AFTER LINE-DETECT
2017-08-16 17:12:23,311000 INFO  [default] No : 3 图像转换 times spend:  33.8197
2017-08-16 17:12:23,320000 INFO  [default] No : 4 拟合 times spend:  9.30506
2017-08-16 17:12:23,328000 INFO  [default] Total times spend:  62.9424
2017-08-16 17:12:23,364000 INFO  [default] No : 1 二值化 times spend:  5.1768
2017-08-16 17:12:23,378000 INFO  [default] No : 2 查找轮廓 times spend:  13.9204
2017-08-16 17:12:23,387000 INFO  [default] BEFORE TRANSFaaaaaaaaaa
2017-08-16 17:12:23,389000 INFO  [default] BEFORE TRANSF
2017-08-16 17:12:23,391000 INFO  [default] BEFORE TRANSFaaaaaaaaaaB
2017-08-16 17:12:23,395000 INFO  [default] AFTER TRANSF
2017-08-16 17:12:23,397000 INFO  [default] BEFORE LINE-DETECT
2017-08-16 17:12:23,407000 INFO  [default] AFTER LINE-DETECT
2017-08-16 17:12:23,410000 INFO  [default] No : 3 图像转换 times spend:  31.5151
2017-08-16 17:12:23,419000 INFO  [default] No : 4 拟合 times spend:  9.06545
2017-08-16 17:12:23,426000 INFO  [default] Total times spend:  59.6777
2017-08-16 17:12:23,463000 INFO  [default] No : 1 二值化 times spend:  5.09863
2017-08-16 17:12:23,477000 INFO  [default] No : 2 查找轮廓 times spend:  14.6416
2017-08-16 17:12:23,486000 INFO  [default] BEFORE TRANSFaaaaaaaaaa
2017-08-16 17:12:23,488000 INFO  [default] BEFORE TRANSF
2017-08-16 17:12:23,490000 INFO  [default] BEFORE TRANSFaaaaaaaaaaB
2017-08-16 17:12:23,495000 INFO  [default] AFTER TRANSF
2017-08-16 17:12:23,497000 INFO  [default] BEFORE LINE-DETECT
2017-08-16 17:12:23,506000 INFO  [default] AFTER LINE-DETECT
2017-08-16 17:12:23,510000 INFO  [default] No : 3 图像转换 times spend:  32.1998
2017-08-16 17:12:23,519000 INFO  [default] No : 4 拟合 times spend:  9.81192
2017-08-16 17:12:23,527000 INFO  [default] Total times spend:  61.7519
2017-08-16 17:12:23,563000 INFO  [default] No : 1 二值化 times spend:  5.41538
2017-08-16 17:12:23,577000 INFO  [default] No : 2 查找轮廓 times spend:  13.4971
2017-08-16 17:12:23,585000 INFO  [default] BEFORE TRANSFaaaaaaaaaa
2017-08-16 17:12:23,587000 INFO  [default] BEFORE TRANSF
2017-08-16 17:12:23,589000 INFO  [default] BEFORE TRANSFaaaaaaaaaaB
2017-08-16 17:12:23,594000 INFO  [default] AFTER TRANSF
2017-08-16 17:12:23,597000 INFO  [default] BEFORE LINE-DETECT
2017-08-16 17:12:23,605000 INFO  [default] AFTER LINE-DETECT
2017-08-16 17:12:23,610000 INFO  [default] No : 3 图像转换 times spend:  32.8199
2017-08-16 17:12:23,619000 INFO  [default] No : 4 拟合 times spend:  9.03985
2017-08-16 17:12:23,627000 INFO  [default] Total times spend:  60.7723
2017-08-16 17:12:23,665000 INFO  [default] No : 1 二值化 times spend:  5.24335
2017-08-16 17:12:23,678000 INFO  [default] No : 2 查找轮廓 times spend:  13.8456
2017-08-16 17:12:23,687000 INFO  [default] BEFORE TRANSFaaaaaaaaaa
2017-08-16 17:12:23,689000 INFO  [default] BEFORE TRANSF
2017-08-16 17:12:23,691000 INFO  [default] BEFORE TRANSFaaaaaaaaaaB
2017-08-16 17:12:23,696000 INFO  [default] AFTER TRANSF
2017-08-16 17:12:23,698000 INFO  [default] BEFORE LINE-DETECT
2017-08-16 17:12:23,707000 INFO  [default] AFTER LINE-DETECT
2017-08-16 17:12:23,711000 INFO  [default] No : 3 图像转换 times spend:  32.5599
2017-08-16 17:12:23,720000 INFO  [default] No : 4 拟合 times spend:  8.94736
2017-08-16 17:12:23,727000 INFO  [default] Total times spend:  60.5962
2017-08-16 17:12:23,765000 INFO  [default] No : 1 二值化 times spend:  6.02975
2017-08-16 17:12:23,780000 INFO  [default] No : 2 查找轮廓 times spend:  14.5474
2017-08-16 17:12:23,790000 INFO  [default] BEFORE TRANSFaaaaaaaaaa
2017-08-16 17:12:23,793000 INFO  [default] BEFORE TRANSF
2017-08-16 17:12:23,796000 INFO  [default] BEFORE TRANSFaaaaaaaaaaB
2017-08-16 17:12:23,802000 INFO  [default] AFTER TRANSF
2017-08-16 17:12:23,805000 INFO  [default] BEFORE LINE-DETECT
2017-08-16 17:12:23,814000 INFO  [default] AFTER LINE-DETECT
2017-08-16 17:12:23,818000 INFO  [default] No : 3 图像转换 times spend:  37.8691
2017-08-16 17:12:23,827000 INFO  [default] No : 4 拟合 times spend:  9.2839
2017-08-16 17:12:23,834000 INFO  [default] Total times spend:  67.7301
2017-08-16 17:12:23,872000 INFO  [default] No : 1 二值化 times spend:  6.93459
2017-08-16 17:12:23,887000 INFO  [default] No : 2 查找轮廓 times spend:  15.2652
2017-08-16 17:12:23,895000 INFO  [default] BEFORE TRANSFaaaaaaaaaa
2017-08-16 17:12:23,897000 INFO  [default] BEFORE TRANSF
2017-08-16 17:12:23,899000 INFO  [default] BEFORE TRANSFaaaaaaaaaaB
2017-08-16 17:12:23,904000 INFO  [default] AFTER TRANSF
2017-08-16 17:12:23,907000 INFO  [default] BEFORE LINE-DETECT
2017-08-16 17:12:23,915000 INFO  [default] AFTER LINE-DETECT
2017-08-16 17:12:23,919000 INFO  [default] No : 3 图像转换 times spend:  31.6311
2017-08-16 17:12:23,928000 INFO  [default] No : 4 拟合 times spend:  9.33817
2017-08-16 17:12:23,935000 INFO  [default] Total times spend:  63.1691
2017-08-16 17:12:23,973000 INFO  [default] No : 1 二值化 times spend:  5.56693
2017-08-16 17:12:23,987000 INFO  [default] No : 2 查找轮廓 times spend:  13.9405
2017-08-16 17:12:23,997000 INFO  [default] BEFORE TRANSFaaaaaaaaaa
2017-08-16 17:12:24,001000 INFO  [default] BEFORE TRANSF
2017-08-16 17:12:24,003000 INFO  [default] BEFORE TRANSFaaaaaaaaaaB
2017-08-16 17:12:24,009000 INFO  [default] AFTER TRANSF
2017-08-16 17:12:24,013000 INFO  [default] BEFORE LINE-DETECT
2017-08-16 17:12:24,020000 INFO  [default] AFTER LINE-DETECT
2017-08-16 17:12:24,025000 INFO  [default] No : 3 图像转换 times spend:  37.9916
2017-08-16 17:12:24,034000 INFO  [default] No : 4 拟合 times spend:  9.18765
2017-08-16 17:12:24,041000 INFO  [default] Total times spend:  66.6867
2017-08-16 17:12:24,079000 INFO  [default] No : 1 二值化 times spend:  6.02293
2017-08-16 17:12:24,092000 INFO  [default] No : 2 查找轮廓 times spend:  13.5094
2017-08-16 17:12:24,101000 INFO  [default] BEFORE TRANSFaaaaaaaaaa
2017-08-16 17:12:24,103000 INFO  [default] BEFORE TRANSF
2017-08-16 17:12:24,105000 INFO  [default] BEFORE TRANSFaaaaaaaaaaB
2017-08-16 17:12:24,110000 INFO  [default] AFTER TRANSF
2017-08-16 17:12:24,112000 INFO  [default] BEFORE LINE-DETECT
2017-08-16 17:12:24,120000 INFO  [default] AFTER LINE-DETECT
2017-08-16 17:12:24,124000 INFO  [default] No : 3 图像转换 times spend:  31.2833
2017-08-16 17:12:24,133000 INFO  [default] No : 4 拟合 times spend:  9.08218
2017-08-16 17:12:24,140000 INFO  [default] Total times spend:  59.8979
2017-08-16 17:12:24,178000 INFO  [default] No : 1 二值化 times spend:  5.7922
2017-08-16 17:12:24,191000 INFO  [default] No : 2 查找轮廓 times spend:  13.363
2017-08-16 17:12:24,199000 INFO  [default] BEFORE TRANSFaaaaaaaaaa
2017-08-16 17:12:24,201000 INFO  [default] BEFORE TRANSF
2017-08-16 17:12:24,203000 INFO  [default] BEFORE TRANSFaaaaaaaaaaB
2017-08-16 17:12:24,209000 INFO  [default] AFTER TRANSF
2017-08-16 17:12:24,212000 INFO  [default] BEFORE LINE-DETECT
2017-08-16 17:12:24,220000 INFO  [default] AFTER LINE-DETECT
2017-08-16 17:12:24,225000 INFO  [default] No : 3 图像转换 times spend:  33.5872
2017-08-16 17:12:24,234000 INFO  [default] No : 4 拟合 times spend:  9.68939
2017-08-16 17:12:24,242000 INFO  [default] Total times spend:  62.4318
2017-08-16 17:12:24,280000 INFO  [default] No : 1 二值化 times spend:  6.80216
2017-08-16 17:12:24,293000 INFO  [default] No : 2 查找轮廓 times spend:  13.6204
2017-08-16 17:12:24,302000 INFO  [default] BEFORE TRANSFaaaaaaaaaa
2017-08-16 17:12:24,304000 INFO  [default] BEFORE TRANSF
2017-08-16 17:12:24,305000 INFO  [default] BEFORE TRANSFaaaaaaaaaaB
2017-08-16 17:12:24,310000 INFO  [default] AFTER TRANSF
2017-08-16 17:12:24,312000 INFO  [default] BEFORE LINE-DETECT
2017-08-16 17:12:24,320000 INFO  [default] AFTER LINE-DETECT
2017-08-16 17:12:24,325000 INFO  [default] No : 3 图像转换 times spend:  31.1748
2017-08-16 17:12:24,334000 INFO  [default] No : 4 拟合 times spend:  9.66003
2017-08-16 17:12:24,342000 INFO  [default] Total times spend:  61.2573
2017-08-16 17:12:24,380000 INFO  [default] No : 1 二值化 times spend:  7.58686
2017-08-16 17:12:24,393000 INFO  [default] No : 2 查找轮廓 times spend:  13.0019
2017-08-16 17:12:24,402000 INFO  [default] BEFORE TRANSFaaaaaaaaaa
2017-08-16 17:12:24,404000 INFO  [default] BEFORE TRANSF
2017-08-16 17:12:24,406000 INFO  [default] BEFORE TRANSFaaaaaaaaaaB
2017-08-16 17:12:24,411000 INFO  [default] AFTER TRANSF
2017-08-16 17:12:24,413000 INFO  [default] BEFORE LINE-DETECT
2017-08-16 17:12:24,421000 INFO  [default] AFTER LINE-DETECT
2017-08-16 17:12:24,425000 INFO  [default] No : 3 图像转换 times spend:  32.1639
2017-08-16 17:12:24,434000 INFO  [default] No : 4 拟合 times spend:  9.14839
2017-08-16 17:12:24,442000 INFO  [default] Total times spend:  61.9011
2017-08-16 17:12:24,481000 INFO  [default] No : 1 二值化 times spend:  7.29469
2017-08-16 17:12:24,493000 INFO  [default] No : 2 查找轮廓 times spend:  12.48
2017-08-16 17:12:24,501000 INFO  [default] BEFORE TRANSFaaaaaaaaaa
2017-08-16 17:12:24,503000 INFO  [default] BEFORE TRANSF
2017-08-16 17:12:24,505000 INFO  [default] BEFORE TRANSFaaaaaaaaaaB
2017-08-16 17:12:24,509000 INFO  [default] AFTER TRANSF
2017-08-16 17:12:24,512000 INFO  [default] BEFORE LINE-DETECT
2017-08-16 17:12:24,520000 INFO  [default] AFTER LINE-DETECT
2017-08-16 17:12:24,524000 INFO  [default] No : 3 图像转换 times spend:  30.7737
2017-08-16 17:12:24,534000 INFO  [default] No : 4 拟合 times spend:  10.1863
2017-08-16 17:12:24,542000 INFO  [default] Total times spend:  60.7348
2017-08-16 17:12:24,581000 INFO  [default] No : 1 二值化 times spend:  6.59976
2017-08-16 17:12:24,594000 INFO  [default] No : 2 查找轮廓 times spend:  13.7767
2017-08-16 17:12:24,603000 INFO  [default] BEFORE TRANSFaaaaaaaaaa
2017-08-16 17:12:24,605000 INFO  [default] BEFORE TRANSF
2017-08-16 17:12:24,607000 INFO  [default] BEFORE TRANSFaaaaaaaaaaB
2017-08-16 17:12:24,611000 INFO  [default] AFTER TRANSF
2017-08-16 17:12:24,614000 INFO  [default] BEFORE LINE-DETECT
2017-08-16 17:12:24,622000 INFO  [default] AFTER LINE-DETECT
2017-08-16 17:12:24,627000 INFO  [default] No : 3 图像转换 times spend:  32.5302
2017-08-16 17:12:24,636000 INFO  [default] No : 4 拟合 times spend:  9.29277
2017-08-16 17:12:24,644000 INFO  [default] Total times spend:  62.1994
2017-08-16 17:12:24,683000 INFO  [default] No : 1 二值化 times spend:  7.60768
2017-08-16 17:12:24,696000 INFO  [default] No : 2 查找轮廓 times spend:  12.9326
2017-08-16 17:12:24,705000 INFO  [default] BEFORE TRANSFaaaaaaaaaa
2017-08-16 17:12:24,707000 INFO  [default] BEFORE TRANSF
2017-08-16 17:12:24,709000 INFO  [default] BEFORE TRANSFaaaaaaaaaaB
2017-08-16 17:12:24,713000 INFO  [default] AFTER TRANSF
2017-08-16 17:12:24,716000 INFO  [default] BEFORE LINE-DETECT
2017-08-16 17:12:24,725000 INFO  [default] AFTER LINE-DETECT
2017-08-16 17:12:24,729000 INFO  [default] No : 3 图像转换 times spend:  33.2367
2017-08-16 17:12:24,738000 INFO  [default] No : 4 拟合 times spend:  8.9593
2017-08-16 17:12:24,745000 INFO  [default] Total times spend:  62.7363
2017-08-16 17:12:24,783000 INFO  [default] No : 1 二值化 times spend:  5.76455
2017-08-16 17:12:24,796000 INFO  [default] No : 2 查找轮廓 times spend:  13.0589
2017-08-16 17:12:24,804000 INFO  [default] BEFORE TRANSFaaaaaaaaaa
2017-08-16 17:12:24,807000 INFO  [default] BEFORE TRANSF
2017-08-16 17:12:24,809000 INFO  [default] BEFORE TRANSFaaaaaaaaaaB
2017-08-16 17:12:24,814000 INFO  [default] AFTER TRANSF
2017-08-16 17:12:24,816000 INFO  [default] BEFORE LINE-DETECT
2017-08-16 17:12:24,825000 INFO  [default] AFTER LINE-DETECT
2017-08-16 17:12:24,829000 INFO  [default] No : 3 图像转换 times spend:  33.135
2017-08-16 17:12:24,838000 INFO  [default] No : 4 拟合 times spend:  8.76714
2017-08-16 17:12:24,845000 INFO  [default] Total times spend:  60.7256
2017-08-16 17:12:24,882000 INFO  [default] No : 1 二值化 times spend:  5.91712
2017-08-16 17:12:24,897000 INFO  [default] No : 2 查找轮廓 times spend:  14.7003
2017-08-16 17:12:24,905000 INFO  [default] BEFORE TRANSFaaaaaaaaaa
2017-08-16 17:12:24,908000 INFO  [default] BEFORE TRANSF
2017-08-16 17:12:24,909000 INFO  [default] BEFORE TRANSFaaaaaaaaaaB
2017-08-16 17:12:24,914000 INFO  [default] AFTER TRANSF
2017-08-16 17:12:24,916000 INFO  [default] BEFORE LINE-DETECT
2017-08-16 17:12:24,925000 INFO  [default] AFTER LINE-DETECT
2017-08-16 17:12:24,929000 INFO  [default] No : 3 图像转换 times spend:  31.7376
2017-08-16 17:12:24,938000 INFO  [default] No : 4 拟合 times spend:  9.10948
2017-08-16 17:12:24,945000 INFO  [default] Total times spend:  61.4645
2017-08-16 17:12:24,983000 INFO  [default] No : 1 二值化 times spend:  6.06901
2017-08-16 17:12:24,995000 INFO  [default] No : 2 查找轮廓 times spend:  12.2892
2017-08-16 17:12:25,003000 INFO  [default] BEFORE TRANSFaaaaaaaaaa
2017-08-16 17:12:25,005000 INFO  [default] BEFORE TRANSF
2017-08-16 17:12:25,007000 INFO  [default] BEFORE TRANSFaaaaaaaaaaB
2017-08-16 17:12:25,012000 INFO  [default] AFTER TRANSF
2017-08-16 17:12:25,015000 INFO  [default] BEFORE LINE-DETECT
2017-08-16 17:12:25,024000 INFO  [default] AFTER LINE-DETECT
2017-08-16 17:12:25,027000 INFO  [default] No : 3 图像转换 times spend:  32.2629
2017-08-16 17:12:25,037000 INFO  [default] No : 4 拟合 times spend:  9.4904
2017-08-16 17:12:25,045000 INFO  [default] Total times spend:  60.1115
2017-08-16 17:12:25,083000 INFO  [default] No : 1 二值化 times spend:  6.3994
2017-08-16 17:12:25,096000 INFO  [default] No : 2 查找轮廓 times spend:  12.9538
2017-08-16 17:12:25,104000 INFO  [default] BEFORE TRANSFaaaaaaaaaa
2017-08-16 17:12:25,107000 INFO  [default] BEFORE TRANSF
2017-08-16 17:12:25,109000 INFO  [default] BEFORE TRANSFaaaaaaaaaaB
2017-08-16 17:12:25,114000 INFO  [default] AFTER TRANSF
2017-08-16 17:12:25,116000 INFO  [default] BEFORE LINE-DETECT
2017-08-16 17:12:25,125000 INFO  [default] AFTER LINE-DETECT
2017-08-16 17:12:25,129000 INFO  [default] No : 3 图像转换 times spend:  33.1991
2017-08-16 17:12:25,138000 INFO  [default] No : 4 拟合 times spend:  9.01323
2017-08-16 17:12:25,145000 INFO  [default] Total times spend:  61.5656
2017-08-16 17:12:25,184000 INFO  [default] No : 1 二值化 times spend:  6.69567
2017-08-16 17:12:25,198000 INFO  [default] No : 2 查找轮廓 times spend:  14.1928
2017-08-16 17:12:25,206000 INFO  [default] BEFORE TRANSFaaaaaaaaaa
2017-08-16 17:12:25,209000 INFO  [default] BEFORE TRANSF
2017-08-16 17:12:25,211000 INFO  [default] BEFORE TRANSFaaaaaaaaaaB
2017-08-16 17:12:25,216000 INFO  [default] AFTER TRANSF
2017-08-16 17:12:25,220000 INFO  [default] BEFORE LINE-DETECT
2017-08-16 17:12:25,229000 INFO  [default] AFTER LINE-DETECT
2017-08-16 17:12:25,232000 INFO  [default] No : 3 图像转换 times spend:  33.9306
2017-08-16 17:12:25,241000 INFO  [default] No : 4 拟合 times spend:  9.16682
2017-08-16 17:12:25,248000 INFO  [default] Total times spend:  63.9859
2017-08-16 17:12:25,287000 INFO  [default] No : 1 二值化 times spend:  6.83595
2017-08-16 17:12:25,302000 INFO  [default] No : 2 查找轮廓 times spend:  15.286
2017-08-16 17:12:25,310000 INFO  [default] BEFORE TRANSFaaaaaaaaaa
2017-08-16 17:12:25,312000 INFO  [default] BEFORE TRANSF
2017-08-16 17:12:25,314000 INFO  [default] BEFORE TRANSFaaaaaaaaaaB
2017-08-16 17:12:25,318000 INFO  [default] AFTER TRANSF
2017-08-16 17:12:25,321000 INFO  [default] BEFORE LINE-DETECT
2017-08-16 17:12:25,330000 INFO  [default] AFTER LINE-DETECT
2017-08-16 17:12:25,334000 INFO  [default] No : 3 图像转换 times spend:  32.0946
2017-08-16 17:12:25,344000 INFO  [default] No : 4 拟合 times spend:  9.79076
2017-08-16 17:12:25,351000 INFO  [default] Total times spend:  64.0074
2017-08-16 17:12:25,390000 INFO  [default] No : 1 二值化 times spend:  7.83909
2017-08-16 17:12:25,404000 INFO  [default] No : 2 查找轮廓 times spend:  13.3623
2017-08-16 17:12:25,412000 INFO  [default] BEFORE TRANSFaaaaaaaaaa
2017-08-16 17:12:25,414000 INFO  [default] BEFORE TRANSF
2017-08-16 17:12:25,416000 INFO  [default] BEFORE TRANSFaaaaaaaaaaB
2017-08-16 17:12:25,420000 INFO  [default] AFTER TRANSF
2017-08-16 17:12:25,423000 INFO  [default] BEFORE LINE-DETECT
2017-08-16 17:12:25,432000 INFO  [default] AFTER LINE-DETECT
2017-08-16 17:12:25,436000 INFO  [default] No : 3 图像转换 times spend:  32.5728
2017-08-16 17:12:25,445000 INFO  [default] No : 4 拟合 times spend:  9.274
2017-08-16 17:12:25,452000 INFO  [default] Total times spend:  63.0482
2017-08-16 17:12:25,490000 INFO  [default] No : 1 二值化 times spend:  7.04621
2017-08-16 17:12:25,502000 INFO  [default] No : 2 查找轮廓 times spend:  12.1916
2017-08-16 17:12:25,511000 INFO  [default] BEFORE TRANSFaaaaaaaaaa
2017-08-16 17:12:25,514000 INFO  [default] BEFORE TRANSF
2017-08-16 17:12:25,516000 INFO  [default] BEFORE TRANSFaaaaaaaaaaB
2017-08-16 17:12:25,520000 INFO  [default] AFTER TRANSF
2017-08-16 17:12:25,523000 INFO  [default] BEFORE LINE-DETECT
2017-08-16 17:12:25,532000 INFO  [default] AFTER LINE-DETECT
2017-08-16 17:12:25,535000 INFO  [default] No : 3 图像转换 times spend:  32.1414
2017-08-16 17:12:25,544000 INFO  [default] No : 4 拟合 times spend:  9.83479
2017-08-16 17:12:25,552000 INFO  [default] Total times spend:  61.214
2017-08-16 17:12:25,591000 INFO  [default] No : 1 二值化 times spend:  7.13495
2017-08-16 17:12:25,606000 INFO  [default] No : 2 查找轮廓 times spend:  15.0375
2017-08-16 17:12:25,614000 INFO  [default] BEFORE TRANSFaaaaaaaaaa
2017-08-16 17:12:25,616000 INFO  [default] BEFORE TRANSF
2017-08-16 17:12:25,618000 INFO  [default] BEFORE TRANSFaaaaaaaaaaB
2017-08-16 17:12:25,623000 INFO  [default] AFTER TRANSF
2017-08-16 17:12:25,627000 INFO  [default] BEFORE LINE-DETECT
2017-08-16 17:12:25,637000 INFO  [default] AFTER LINE-DETECT
2017-08-16 17:12:25,641000 INFO  [default] No : 3 图像转换 times spend:  35.1641
2017-08-16 17:12:25,651000 INFO  [default] No : 4 拟合 times spend:  9.80441
2017-08-16 17:12:25,659000 INFO  [default] Total times spend:  67.141
2017-08-16 17:12:25,697000 INFO  [default] No : 1 二值化 times spend:  7.01207
2017-08-16 17:12:25,711000 INFO  [default] No : 2 查找轮廓 times spend:  14.0139
2017-08-16 17:12:25,720000 INFO  [default] BEFORE TRANSFaaaaaaaaaa
2017-08-16 17:12:25,723000 INFO  [default] BEFORE TRANSF
2017-08-16 17:12:25,725000 INFO  [default] BEFORE TRANSFaaaaaaaaaaB
2017-08-16 17:12:25,730000 INFO  [default] AFTER TRANSF
2017-08-16 17:12:25,732000 INFO  [default] BEFORE LINE-DETECT
2017-08-16 17:12:25,742000 INFO  [default] AFTER LINE-DETECT
2017-08-16 17:12:25,746000 INFO  [default] No : 3 图像转换 times spend:  34.4962
2017-08-16 17:12:25,755000 INFO  [default] No : 4 拟合 times spend:  9.01835
2017-08-16 17:12:25,763000 INFO  [default] Total times spend:  64.5405
2017-08-16 17:12:25,801000 INFO  [default] No : 1 二值化 times spend:  6.53047
2017-08-16 17:12:25,814000 INFO  [default] No : 2 查找轮廓 times spend:  12.7575
2017-08-16 17:12:25,822000 INFO  [default] BEFORE TRANSFaaaaaaaaaa
2017-08-16 17:12:25,825000 INFO  [default] BEFORE TRANSF
2017-08-16 17:12:25,826000 INFO  [default] BEFORE TRANSFaaaaaaaaaaB
2017-08-16 17:12:25,830000 INFO  [default] AFTER TRANSF
2017-08-16 17:12:25,833000 INFO  [default] BEFORE LINE-DETECT
2017-08-16 17:12:25,841000 INFO  [default] AFTER LINE-DETECT
2017-08-16 17:12:25,845000 INFO  [default] No : 3 图像转换 times spend:  31.2936
2017-08-16 17:12:25,855000 INFO  [default] No : 4 拟合 times spend:  9.86824
2017-08-16 17:12:25,863000 INFO  [default] Total times spend:  60.4498
2017-08-16 17:12:25,902000 INFO  [default] No : 1 二值化 times spend:  7.40596
2017-08-16 17:12:25,915000 INFO  [default] No : 2 查找轮廓 times spend:  13.3934
2017-08-16 17:12:25,923000 INFO  [default] BEFORE TRANSFaaaaaaaaaa
2017-08-16 17:12:25,925000 INFO  [default] BEFORE TRANSF
2017-08-16 17:12:25,927000 INFO  [default] BEFORE TRANSFaaaaaaaaaaB
2017-08-16 17:12:25,932000 INFO  [default] AFTER TRANSF
2017-08-16 17:12:25,935000 INFO  [default] BEFORE LINE-DETECT
2017-08-16 17:12:25,944000 INFO  [default] AFTER LINE-DETECT
2017-08-16 17:12:25,948000 INFO  [default] No : 3 图像转换 times spend:  32.7503
2017-08-16 17:12:25,957000 INFO  [default] No : 4 拟合 times spend:  9.72557
2017-08-16 17:12:25,965000 INFO  [default] Total times spend:  63.2752
2017-08-16 17:12:26,004000 INFO  [default] No : 1 二值化 times spend:  6.89705
2017-08-16 17:12:26,017000 INFO  [default] No : 2 查找轮廓 times spend:  12.8862
2017-08-16 17:12:26,025000 INFO  [default] BEFORE TRANSFaaaaaaaaaa
2017-08-16 17:12:26,027000 INFO  [default] BEFORE TRANSF
2017-08-16 17:12:26,029000 INFO  [default] BEFORE TRANSFaaaaaaaaaaB
2017-08-16 17:12:26,033000 INFO  [default] AFTER TRANSF
2017-08-16 17:12:26,035000 INFO  [default] BEFORE LINE-DETECT
2017-08-16 17:12:26,044000 INFO  [default] AFTER LINE-DETECT
2017-08-16 17:12:26,048000 INFO  [default] No : 3 图像转换 times spend:  31.5318
2017-08-16 17:12:26,058000 INFO  [default] No : 4 拟合 times spend:  9.48152
2017-08-16 17:12:26,065000 INFO  [default] Total times spend:  60.7966
2017-08-16 17:12:26,104000 INFO  [default] No : 1 二值化 times spend:  7.00456
2017-08-16 17:12:26,118000 INFO  [default] No : 2 查找轮廓 times spend:  14.3293
2017-08-16 17:12:26,126000 INFO  [default] BEFORE TRANSFaaaaaaaaaa
2017-08-16 17:12:26,128000 INFO  [default] BEFORE TRANSF
2017-08-16 17:12:26,130000 INFO  [default] BEFORE TRANSFaaaaaaaaaaB
2017-08-16 17:12:26,135000 INFO  [default] AFTER TRANSF
2017-08-16 17:12:26,137000 INFO  [default] BEFORE LINE-DETECT
2017-08-16 17:12:26,146000 INFO  [default] AFTER LINE-DETECT
2017-08-16 17:12:26,150000 INFO  [default] No : 3 图像转换 times spend:  32.5407
2017-08-16 17:12:26,160000 INFO  [default] No : 4 拟合 times spend:  10.1242
2017-08-16 17:12:26,168000 INFO  [default] Total times spend:  63.9988
2017-08-16 17:12:26,206000 INFO  [default] No : 1 二值化 times spend:  6.67758
2017-08-16 17:12:26,219000 INFO  [default] No : 2 查找轮廓 times spend:  13.4842
2017-08-16 17:12:26,228000 INFO  [default] BEFORE TRANSFaaaaaaaaaa
2017-08-16 17:12:26,230000 INFO  [default] BEFORE TRANSF
2017-08-16 17:12:26,232000 INFO  [default] BEFORE TRANSFaaaaaaaaaaB
2017-08-16 17:12:26,236000 INFO  [default] AFTER TRANSF
2017-08-16 17:12:26,239000 INFO  [default] BEFORE LINE-DETECT
2017-08-16 17:12:26,248000 INFO  [default] AFTER LINE-DETECT
2017-08-16 17:12:26,251000 INFO  [default] No : 3 图像转换 times spend:  31.51
2017-08-16 17:12:26,260000 INFO  [default] No : 4 拟合 times spend:  9.46548
2017-08-16 17:12:26,268000 INFO  [default] Total times spend:  61.1372
2017-08-16 17:12:26,306000 INFO  [default] No : 1 二值化 times spend:  7.08
2017-08-16 17:12:26,317000 INFO  [default] No : 2 查找轮廓 times spend:  11.2345
2017-08-16 17:12:26,326000 INFO  [default] BEFORE TRANSFaaaaaaaaaa
2017-08-16 17:12:26,328000 INFO  [default] BEFORE TRANSF
2017-08-16 17:12:26,329000 INFO  [default] BEFORE TRANSFaaaaaaaaaaB
2017-08-16 17:12:26,334000 INFO  [default] AFTER TRANSF
2017-08-16 17:12:26,336000 INFO  [default] BEFORE LINE-DETECT
2017-08-16 17:12:26,346000 INFO  [default] AFTER LINE-DETECT
2017-08-16 17:12:26,350000 INFO  [default] No : 3 图像转换 times spend:  32.3523
2017-08-16 17:12:26,359000 INFO  [default] No : 4 拟合 times spend:  9.15727
2017-08-16 17:12:26,366000 INFO  [default] Total times spend:  59.8241
2017-08-16 17:12:26,404000 INFO  [default] No : 1 二值化 times spend:  6.55982
2017-08-16 17:12:26,416000 INFO  [default] No : 2 查找轮廓 times spend:  12.4285
2017-08-16 17:12:26,425000 INFO  [default] BEFORE TRANSFaaaaaaaaaa
2017-08-16 17:12:26,427000 INFO  [default] BEFORE TRANSF
2017-08-16 17:12:26,428000 INFO  [default] BEFORE TRANSFaaaaaaaaaaB
2017-08-16 17:12:26,433000 INFO  [default] AFTER TRANSF
2017-08-16 17:12:26,435000 INFO  [default] BEFORE LINE-DETECT
2017-08-16 17:12:26,444000 INFO  [default] AFTER LINE-DETECT
2017-08-16 17:12:26,448000 INFO  [default] No : 3 图像转换 times spend:  31.7253
2017-08-16 17:12:26,457000 INFO  [default] No : 4 拟合 times spend:  9.17843
2017-08-16 17:12:26,465000 INFO  [default] Total times spend:  59.8921
2017-08-16 17:12:26,503000 INFO  [default] No : 1 二值化 times spend:  6.5547
2017-08-16 17:12:26,517000 INFO  [default] No : 2 查找轮廓 times spend:  14.0651
2017-08-16 17:12:26,526000 INFO  [default] BEFORE TRANSFaaaaaaaaaa
2017-08-16 17:12:26,528000 INFO  [default] BEFORE TRANSF
2017-08-16 17:12:26,530000 INFO  [default] BEFORE TRANSFaaaaaaaaaaB
2017-08-16 17:12:26,534000 INFO  [default] AFTER TRANSF
2017-08-16 17:12:26,538000 INFO  [default] BEFORE LINE-DETECT
2017-08-16 17:12:26,547000 INFO  [default] AFTER LINE-DETECT
2017-08-16 17:12:26,551000 INFO  [default] No : 3 图像转换 times spend:  34.0139
2017-08-16 17:12:26,561000 INFO  [default] No : 4 拟合 times spend:  9.99282
2017-08-16 17:12:26,569000 INFO  [default] Total times spend:  64.6265
2017-08-16 17:12:26,608000 INFO  [default] No : 1 二值化 times spend:  7.41142
2017-08-16 17:12:26,620000 INFO  [default] No : 2 查找轮廓 times spend:  12.4674
2017-08-16 17:12:26,629000 INFO  [default] BEFORE TRANSFaaaaaaaaaa
2017-08-16 17:12:26,631000 INFO  [default] BEFORE TRANSF
2017-08-16 17:12:26,634000 INFO  [default] BEFORE TRANSFaaaaaaaaaaB
2017-08-16 17:12:26,638000 INFO  [default] AFTER TRANSF
2017-08-16 17:12:26,642000 INFO  [default] BEFORE LINE-DETECT
2017-08-16 17:12:26,650000 INFO  [default] AFTER LINE-DETECT
2017-08-16 17:12:26,653000 INFO  [default] No : 3 图像转换 times spend:  33.0773
2017-08-16 17:12:26,663000 INFO  [default] No : 4 拟合 times spend:  9.44227
2017-08-16 17:12:26,671000 INFO  [default] Total times spend:  62.3984
2017-08-16 17:12:26,710000 INFO  [default] No : 1 二值化 times spend:  6.89944
2017-08-16 17:12:26,724000 INFO  [default] No : 2 查找轮廓 times spend:  13.6961
2017-08-16 17:12:26,732000 INFO  [default] BEFORE TRANSFaaaaaaaaaa
2017-08-16 17:12:26,734000 INFO  [default] BEFORE TRANSF
2017-08-16 17:12:26,736000 INFO  [default] BEFORE TRANSFaaaaaaaaaaB
2017-08-16 17:12:26,741000 INFO  [default] AFTER TRANSF
2017-08-16 17:12:26,745000 INFO  [default] BEFORE LINE-DETECT
2017-08-16 17:12:26,753000 INFO  [default] AFTER LINE-DETECT
2017-08-16 17:12:26,757000 INFO  [default] No : 3 图像转换 times spend:  32.7841
2017-08-16 17:12:26,766000 INFO  [default] No : 4 拟合 times spend:  9.0832
2017-08-16 17:12:26,773000 INFO  [default] Total times spend:  62.4629
2017-08-16 17:12:26,812000 INFO  [default] No : 1 二值化 times spend:  7.18512
2017-08-16 17:12:26,825000 INFO  [default] No : 2 查找轮廓 times spend:  12.6851
2017-08-16 17:12:26,833000 INFO  [default] BEFORE TRANSFaaaaaaaaaa
2017-08-16 17:12:26,835000 INFO  [default] BEFORE TRANSF
2017-08-16 17:12:26,837000 INFO  [default] BEFORE TRANSFaaaaaaaaaaB
2017-08-16 17:12:26,842000 INFO  [default] AFTER TRANSF
2017-08-16 17:12:26,845000 INFO  [default] BEFORE LINE-DETECT
2017-08-16 17:12:26,854000 INFO  [default] AFTER LINE-DETECT
2017-08-16 17:12:26,858000 INFO  [default] No : 3 图像转换 times spend:  33.319
2017-08-16 17:12:26,867000 INFO  [default] No : 4 拟合 times spend:  8.95179
2017-08-16 17:12:26,874000 INFO  [default] Total times spend:  62.141
2017-08-16 17:12:26,913000 INFO  [default] No : 1 二值化 times spend:  7.01207
2017-08-16 17:12:26,927000 INFO  [default] No : 2 查找轮廓 times spend:  14.0767
2017-08-16 17:12:26,936000 INFO  [default] BEFORE TRANSFaaaaaaaaaa
2017-08-16 17:12:26,938000 INFO  [default] BEFORE TRANSF
2017-08-16 17:12:26,939000 INFO  [default] BEFORE TRANSFaaaaaaaaaaB
2017-08-16 17:12:26,946000 INFO  [default] AFTER TRANSF
2017-08-16 17:12:26,949000 INFO  [default] BEFORE LINE-DETECT
2017-08-16 17:12:26,958000 INFO  [default] AFTER LINE-DETECT
2017-08-16 17:12:26,961000 INFO  [default] No : 3 图像转换 times spend:  33.8111
2017-08-16 17:12:26,974000 INFO  [default] No : 4 拟合 times spend:  12.8493
2017-08-16 17:12:26,982000 INFO  [default] Total times spend:  67.7492
2017-08-16 17:12:27,020000 INFO  [default] No : 1 二值化 times spend:  6.40964
2017-08-16 17:12:27,033000 INFO  [default] No : 2 查找轮廓 times spend:  13.0814
2017-08-16 17:12:27,042000 INFO  [default] BEFORE TRANSFaaaaaaaaaa
2017-08-16 17:12:27,044000 INFO  [default] BEFORE TRANSF
2017-08-16 17:12:27,046000 INFO  [default] BEFORE TRANSFaaaaaaaaaaB
2017-08-16 17:12:27,051000 INFO  [default] AFTER TRANSF
2017-08-16 17:12:27,054000 INFO  [default] BEFORE LINE-DETECT
2017-08-16 17:12:27,063000 INFO  [default] AFTER LINE-DETECT
2017-08-16 17:12:27,066000 INFO  [default] No : 3 图像转换 times spend:  33.1148
2017-08-16 17:12:27,076000 INFO  [default] No : 4 拟合 times spend:  9.27298
2017-08-16 17:12:27,083000 INFO  [default] Total times spend:  61.8789
2017-08-16 17:12:27,121000 INFO  [default] No : 1 二值化 times spend:  6.63355
2017-08-16 17:12:27,134000 INFO  [default] No : 2 查找轮廓 times spend:  12.4049
2017-08-16 17:12:27,142000 INFO  [default] BEFORE TRANSFaaaaaaaaaa
2017-08-16 17:12:27,145000 INFO  [default] BEFORE TRANSF
2017-08-16 17:12:27,147000 INFO  [default] BEFORE TRANSFaaaaaaaaaaB
2017-08-16 17:12:27,151000 INFO  [default] AFTER TRANSF
2017-08-16 17:12:27,153000 INFO  [default] BEFORE LINE-DETECT
2017-08-16 17:12:27,162000 INFO  [default] AFTER LINE-DETECT
2017-08-16 17:12:27,165000 INFO  [default] No : 3 图像转换 times spend:  31.469
2017-08-16 17:12:27,175000 INFO  [default] No : 4 拟合 times spend:  9.26854
2017-08-16 17:12:27,182000 INFO  [default] Total times spend:  59.776
2017-08-16 17:12:27,221000 INFO  [default] No : 1 二值化 times spend:  7.31721
2017-08-16 17:12:27,234000 INFO  [default] No : 2 查找轮廓 times spend:  13.3651
2017-08-16 17:12:27,243000 INFO  [default] BEFORE TRANSFaaaaaaaaaa
2017-08-16 17:12:27,245000 INFO  [default] BEFORE TRANSF
2017-08-16 17:12:27,247000 INFO  [default] BEFORE TRANSFaaaaaaaaaaB
2017-08-16 17:12:27,251000 INFO  [default] AFTER TRANSF
2017-08-16 17:12:27,254000 INFO  [default] BEFORE LINE-DETECT
2017-08-16 17:12:27,263000 INFO  [default] AFTER LINE-DETECT
2017-08-16 17:12:27,267000 INFO  [default] No : 3 图像转换 times spend:  32.3168
2017-08-16 17:12:27,276000 INFO  [default] No : 4 拟合 times spend:  9.19311
2017-08-16 17:12:27,283000 INFO  [default] Total times spend:  62.1922
2017-08-16 17:12:27,322000 INFO  [default] No : 1 二值化 times spend:  7.08648
2017-08-16 17:12:27,334000 INFO  [default] No : 2 查找轮廓 times spend:  12.5947
2017-08-16 17:12:27,343000 INFO  [default] BEFORE TRANSFaaaaaaaaaa
2017-08-16 17:12:27,345000 INFO  [default] BEFORE TRANSF
2017-08-16 17:12:27,346000 INFO  [default] BEFORE TRANSFaaaaaaaaaaB
2017-08-16 17:12:27,352000 INFO  [default] AFTER TRANSF
2017-08-16 17:12:27,355000 INFO  [default] BEFORE LINE-DETECT
2017-08-16 17:12:27,363000 INFO  [default] AFTER LINE-DETECT
2017-08-16 17:12:27,367000 INFO  [default] No : 3 图像转换 times spend:  32.3773
2017-08-16 17:12:27,376000 INFO  [default] No : 4 拟合 times spend:  9.23441
2017-08-16 17:12:27,383000 INFO  [default] Total times spend:  61.2928
2017-08-16 17:12:27,422000 INFO  [default] No : 1 二值化 times spend:  7.07419
2017-08-16 17:12:27,435000 INFO  [default] No : 2 查找轮廓 times spend:  12.7299
2017-08-16 17:12:27,443000 INFO  [default] BEFORE TRANSFaaaaaaaaaa
2017-08-16 17:12:27,445000 INFO  [default] BEFORE TRANSF
2017-08-16 17:12:27,447000 INFO  [default] BEFORE TRANSFaaaaaaaaaaB
2017-08-16 17:12:27,452000 INFO  [default] AFTER TRANSF
2017-08-16 17:12:27,454000 INFO  [default] BEFORE LINE-DETECT
2017-08-16 17:12:27,463000 INFO  [default] AFTER LINE-DETECT
2017-08-16 17:12:27,467000 INFO  [default] No : 3 图像转换 times spend:  32.3875
2017-08-16 17:12:27,476000 INFO  [default] No : 4 拟合 times spend:  9.12894
2017-08-16 17:12:27,483000 INFO  [default] Total times spend:  61.3205
2017-08-16 17:12:27,522000 INFO  [default] No : 1 二值化 times spend:  7.55818
2017-08-16 17:12:27,535000 INFO  [default] No : 2 查找轮廓 times spend:  12.7985
2017-08-16 17:12:27,543000 INFO  [default] BEFORE TRANSFaaaaaaaaaa
2017-08-16 17:12:27,545000 INFO  [default] BEFORE TRANSF
2017-08-16 17:12:27,547000 INFO  [default] BEFORE TRANSFaaaaaaaaaaB
2017-08-16 17:12:27,552000 INFO  [default] AFTER TRANSF
2017-08-16 17:12:27,554000 INFO  [default] BEFORE LINE-DETECT
2017-08-16 17:12:27,563000 INFO  [default] AFTER LINE-DETECT
2017-08-16 17:12:27,567000 INFO  [default] No : 3 图像转换 times spend:  31.556
2017-08-16 17:12:27,577000 INFO  [default] No : 4 拟合 times spend:  10.1666
2017-08-16 17:12:27,584000 INFO  [default] Total times spend:  62.0792
2017-08-16 17:12:27,622000 INFO  [default] No : 1 二值化 times spend:  6.27482
2017-08-16 17:12:27,634000 INFO  [default] No : 2 查找轮廓 times spend:  12.7261
2017-08-16 17:12:27,643000 INFO  [default] BEFORE TRANSFaaaaaaaaaa
2017-08-16 17:12:27,645000 INFO  [default] BEFORE TRANSF
2017-08-16 17:12:27,647000 INFO  [default] BEFORE TRANSFaaaaaaaaaaB
2017-08-16 17:12:27,651000 INFO  [default] AFTER TRANSF
2017-08-16 17:12:27,653000 INFO  [default] BEFORE LINE-DETECT
2017-08-16 17:12:27,663000 INFO  [default] AFTER LINE-DETECT
2017-08-16 17:12:27,666000 INFO  [default] No : 3 图像转换 times spend:  31.6281
2017-08-16 17:12:27,675000 INFO  [default] No : 4 拟合 times spend:  9.10607
2017-08-16 17:12:27,683000 INFO  [default] Total times spend:  59.7351
2017-08-16 17:12:27,722000 INFO  [default] No : 1 二值化 times spend:  6.47825
2017-08-16 17:12:27,736000 INFO  [default] No : 2 查找轮廓 times spend:  14.3699
2017-08-16 17:12:27,744000 INFO  [default] BEFORE TRANSFaaaaaaaaaa
2017-08-16 17:12:27,746000 INFO  [default] BEFORE TRANSF
2017-08-16 17:12:27,748000 INFO  [default] BEFORE TRANSFaaaaaaaaaaB
2017-08-16 17:12:27,752000 INFO  [default] AFTER TRANSF
2017-08-16 17:12:27,755000 INFO  [default] BEFORE LINE-DETECT
2017-08-16 17:12:27,764000 INFO  [default] AFTER LINE-DETECT
2017-08-16 17:12:27,768000 INFO  [default] No : 3 图像转换 times spend:  31.9489
2017-08-16 17:12:27,777000 INFO  [default] No : 4 拟合 times spend:  9.14191
2017-08-16 17:12:27,784000 INFO  [default] Total times spend:  61.939
2017-08-16 17:12:27,822000 INFO  [default] No : 1 二值化 times spend:  6.13181
2017-08-16 17:12:27,836000 INFO  [default] No : 2 查找轮廓 times spend:  14.0979
2017-08-16 17:12:27,844000 INFO  [default] BEFORE TRANSFaaaaaaaaaa
2017-08-16 17:12:27,846000 INFO  [default] BEFORE TRANSF
2017-08-16 17:12:27,848000 INFO  [default] BEFORE TRANSFaaaaaaaaaaB
2017-08-16 17:12:27,853000 INFO  [default] AFTER TRANSF
2017-08-16 17:12:27,855000 INFO  [default] BEFORE LINE-DETECT
2017-08-16 17:12:27,864000 INFO  [default] AFTER LINE-DETECT
2017-08-16 17:12:27,867000 INFO  [default] No : 3 图像转换 times spend:  31.8414
2017-08-16 17:12:27,877000 INFO  [default] No : 4 拟合 times spend:  9.78188
2017-08-16 17:12:27,885000 INFO  [default] Total times spend:  61.8529
2017-08-16 17:12:27,923000 INFO  [default] No : 1 二值化 times spend:  5.94374
2017-08-16 17:12:27,939000 INFO  [default] No : 2 查找轮廓 times spend:  16.3581
2017-08-16 17:12:27,948000 INFO  [default] BEFORE TRANSFaaaaaaaaaa
2017-08-16 17:12:27,950000 INFO  [default] BEFORE TRANSF
2017-08-16 17:12:27,952000 INFO  [default] BEFORE TRANSFaaaaaaaaaaB
2017-08-16 17:12:27,957000 INFO  [default] AFTER TRANSF
2017-08-16 17:12:27,961000 INFO  [default] BEFORE LINE-DETECT
2017-08-16 17:12:27,970000 INFO  [default] AFTER LINE-DETECT
2017-08-16 17:12:27,974000 INFO  [default] No : 3 图像转换 times spend:  34.6958
2017-08-16 17:12:27,983000 INFO  [default] No : 4 拟合 times spend:  8.99275
2017-08-16 17:12:27,990000 INFO  [default] Total times spend:  65.9904
2017-08-16 17:12:28,028000 INFO  [default] No : 1 二值化 times spend:  5.76114
2017-08-16 17:12:28,041000 INFO  [default] No : 2 查找轮廓 times spend:  13.1538
2017-08-16 17:12:28,049000 INFO  [default] BEFORE TRANSFaaaaaaaaaa
2017-08-16 17:12:28,051000 INFO  [default] BEFORE TRANSF
2017-08-16 17:12:28,053000 INFO  [default] BEFORE TRANSFaaaaaaaaaaB
2017-08-16 17:12:28,058000 INFO  [default] AFTER TRANSF
2017-08-16 17:12:28,062000 INFO  [default] BEFORE LINE-DETECT
2017-08-16 17:12:28,071000 INFO  [default] AFTER LINE-DETECT
2017-08-16 17:12:28,074000 INFO  [default] No : 3 图像转换 times spend:  33.7603
2017-08-16 17:12:28,084000 INFO  [default] No : 4 拟合 times spend:  9.64331
2017-08-16 17:12:28,091000 INFO  [default] Total times spend:  62.3185
2017-08-16 17:12:28,131000 INFO  [default] No : 1 二值化 times spend:  7.37012
2017-08-16 17:12:28,144000 INFO  [default] No : 2 查找轮廓 times spend:  13.2866
2017-08-16 17:12:28,152000 INFO  [default] BEFORE TRANSFaaaaaaaaaa
2017-08-16 17:12:28,154000 INFO  [default] BEFORE TRANSF
2017-08-16 17:12:28,156000 INFO  [default] BEFORE TRANSFaaaaaaaaaaB
2017-08-16 17:12:28,161000 INFO  [default] AFTER TRANSF
2017-08-16 17:12:28,164000 INFO  [default] BEFORE LINE-DETECT
2017-08-16 17:12:28,173000 INFO  [default] AFTER LINE-DETECT
2017-08-16 17:12:28,178000 INFO  [default] No : 3 图像转换 times spend:  33.5466
2017-08-16 17:12:28,187000 INFO  [default] No : 4 拟合 times spend:  9.12962
2017-08-16 17:12:28,195000 INFO  [default] Total times spend:  63.3329
2017-08-16 17:12:28,235000 INFO  [default] No : 1 二值化 times spend:  7.86537
2017-08-16 17:12:28,248000 INFO  [default] No : 2 查找轮廓 times spend:  12.8551
2017-08-16 17:12:28,256000 INFO  [default] BEFORE TRANSFaaaaaaaaaa
2017-08-16 17:12:28,258000 INFO  [default] BEFORE TRANSF
2017-08-16 17:12:28,260000 INFO  [default] BEFORE TRANSFaaaaaaaaaaB
2017-08-16 17:12:28,265000 INFO  [default] AFTER TRANSF
2017-08-16 17:12:28,268000 INFO  [default] BEFORE LINE-DETECT
2017-08-16 17:12:28,277000 INFO  [default] AFTER LINE-DETECT
2017-08-16 17:12:28,281000 INFO  [default] No : 3 图像转换 times spend:  33.5268
2017-08-16 17:12:28,291000 INFO  [default] No : 4 拟合 times spend:  9.30062
2017-08-16 17:12:28,298000 INFO  [default] Total times spend:  63.5479
2017-08-16 17:12:28,338000 INFO  [default] No : 1 二值化 times spend:  8.46883
2017-08-16 17:12:28,352000 INFO  [default] No : 2 查找轮廓 times spend:  13.5026
2017-08-16 17:12:28,360000 INFO  [default] BEFORE TRANSFaaaaaaaaaa
2017-08-16 17:12:28,362000 INFO  [default] BEFORE TRANSF
2017-08-16 17:12:28,364000 INFO  [default] BEFORE TRANSFaaaaaaaaaaB
2017-08-16 17:12:28,369000 INFO  [default] AFTER TRANSF
2017-08-16 17:12:28,371000 INFO  [default] BEFORE LINE-DETECT
2017-08-16 17:12:28,381000 INFO  [default] AFTER LINE-DETECT
2017-08-16 17:12:28,384000 INFO  [default] No : 3 图像转换 times spend:  32.5326
2017-08-16 17:12:28,394000 INFO  [default] No : 4 拟合 times spend:  10.0829
2017-08-16 17:12:28,401000 INFO  [default] Total times spend:  64.5869
2017-08-16 17:12:28,441000 INFO  [default] No : 1 二值化 times spend:  8.07153
2017-08-16 17:12:28,456000 INFO  [default] No : 2 查找轮廓 times spend:  14.4324
2017-08-16 17:12:28,464000 INFO  [default] BEFORE TRANSFaaaaaaaaaa
2017-08-16 17:12:28,467000 INFO  [default] BEFORE TRANSF
2017-08-16 17:12:28,468000 INFO  [default] BEFORE TRANSFaaaaaaaaaaB
2017-08-16 17:12:28,474000 INFO  [default] AFTER TRANSF
2017-08-16 17:12:28,478000 INFO  [default] BEFORE LINE-DETECT
2017-08-16 17:12:28,486000 INFO  [default] AFTER LINE-DETECT
2017-08-16 17:12:28,490000 INFO  [default] No : 3 图像转换 times spend:  34.5692
2017-08-16 17:12:28,500000 INFO  [default] No : 4 拟合 times spend:  9.53408
2017-08-16 17:12:28,507000 INFO  [default] Total times spend:  66.6072
2017-08-16 17:12:28,549000 INFO  [default] No : 1 二值化 times spend:  9.84708
2017-08-16 17:12:28,564000 INFO  [default] No : 2 查找轮廓 times spend:  14.1521
2017-08-16 17:12:28,572000 INFO  [default] BEFORE TRANSFaaaaaaaaaa
2017-08-16 17:12:28,575000 INFO  [default] BEFORE TRANSF
2017-08-16 17:12:28,576000 INFO  [default] BEFORE TRANSFaaaaaaaaaaB
2017-08-16 17:12:28,581000 INFO  [default] AFTER TRANSF
2017-08-16 17:12:28,584000 INFO  [default] BEFORE LINE-DETECT
2017-08-16 17:12:28,594000 INFO  [default] AFTER LINE-DETECT
2017-08-16 17:12:28,598000 INFO  [default] No : 3 图像转换 times spend:  34.0579
2017-08-16 17:12:28,607000 INFO  [default] No : 4 拟合 times spend:  9.62658
2017-08-16 17:12:28,614000 INFO  [default] Total times spend:  67.6837
2017-08-16 17:12:28,617000 INFO  [default] average : 62.9238
